<?xml version="1.0" encoding="UTF-8"?>
<testsuite xmlns:xsi="http://www.w3.org/2001/XMLSchema-instance" xsi:noNamespaceSchemaLocation="https://maven.apache.org/surefire/maven-surefire-plugin/xsd/surefire-test-report.xsd" name="androidtests.E2E_CreateAndSelectAccountTest" time="102.264" tests="2" errors="0" skipped="0" failures="1">
  <properties>
[...]
</properties>
  <testcase name="addAccountAndSelect" classname="androidtests.E2E_CreateAndSelectAccountTest" time="39.48"/>
  <testcase name="createIncomeForAccount" classname="androidtests.E2E_CreateAndSelectAccountTest" time="11.927">
    <failure message="An element could not be located on the page using the given search parameters.&#10;For documentation on this error, please visit: https://www.selenium.dev/documentation/webdriver/troubleshooting/errors#nosuchelementexception&#10;Build info: version: &apos;4.40.0&apos;, revision: &apos;b3333f1&apos;&#10;System info: os.name: &apos;Windows 11&apos;, os.arch: &apos;amd64&apos;, os.version: &apos;10.0&apos;, java.version: &apos;21.0.7&apos;&#10;Driver info: io.appium.java_client.android.AndroidDriver&#10;Command: [652a56ba-4f84-4818-918c-1313801b297d, findElement {using=id, value=com.monefy.app.lite:id/buttonKeyboard5}]&#10;Capabilities {appium:app: C:\Users\PC\Documents\N26_H..., appium:appActivity: com.monefy.activities.main...., appium:appPackage: com.monefy.app.lite, appium:automationName: UIAutomator2, appium:databaseEnabled: false, appium:desired: {app: C:\Users\PC\Documents\N26_H..., automationName: UIAutomator2, deviceName: monefy-android, platformName: ANDROID}, appium:deviceApiLevel: 36, appium:deviceManufacturer: Google, appium:deviceModel: sdk_gphone64_x86_64, appium:deviceName: emulator-5554, appium:deviceScreenDensity: 440, appium:deviceScreenSize: 1080x2280, appium:deviceUDID: emulator-5554, appium:javascriptEnabled: true, appium:locationContextEnabled: false, appium:networkConnectionEnabled: true, appium:pixelRatio: 2.75, appium:platformVersion: 16, appium:statBarHeight: 83, appium:takesScreenshot: true, appium:viewportRect: {height: 2197, left: 0, top: 83, width: 1080}, appium:warnings: {}, appium:webStorageEnabled: false, platformName: ANDROID}&#10;Session ID: 652a56ba-4f84-4818-918c-1313801b297d" type="org.openqa.selenium.NoSuchElementException">org.openqa.selenium.NoSuchElementException: 
An element could not be located on the page using the given search parameters.
For documentation on this error, please visit: https://www.selenium.dev/documentation/webdriver/troubleshooting/errors#nosuchelementexception
Build info: version: '4.40.0', revision: 'b3333f1'
System info: os.name: 'Windows 11', os.arch: 'amd64', os.version: '10.0', java.version: '21.0.7'
Driver info: io.appium.java_client.android.AndroidDriver
Command: [652a56ba-4f84-4818-918c-1313801b297d, findElement {using=id, value=com.monefy.app.lite:id/buttonKeyboard5}]
Capabilities {appium:app: C:\Users\PC\Documents\N26_H..., appium:appActivity: com.monefy.activities.main...., appium:appPackage: com.monefy.app.lite, appium:automationName: UIAutomator2, appium:databaseEnabled: false, appium:desired: {app: C:\Users\PC\Documents\N26_H..., automationName: UIAutomator2, deviceName: monefy-android, platformName: ANDROID}, appium:deviceApiLevel: 36, appium:deviceManufacturer: Google, appium:deviceModel: sdk_gphone64_x86_64, appium:deviceName: emulator-5554, appium:deviceScreenDensity: 440, appium:deviceScreenSize: 1080x2280, appium:deviceUDID: emulator-5554, appium:javascriptEnabled: true, appium:locationContextEnabled: false, appium:networkConnectionEnabled: true, appium:pixelRatio: 2.75, appium:platformVersion: 16, appium:statBarHeight: 83, appium:takesScreenshot: true, appium:viewportRect: {height: 2197, left: 0, top: 83, width: 1080}, appium:warnings: {}, appium:webStorageEnabled: false, platformName: ANDROID}
Session ID: 652a56ba-4f84-4818-918c-1313801b297d
	at androidtests.E2E_CreateAndSelectAccountTest.createIncomeForAccount(E2E_CreateAndSelectAccountTest.java:83)
</failure>
    <system-out><![CDATA[Verify Main Page
Capture Initial Balance
Initial balance: 1000.00
 Clicking on Add Income Button
Initial balance value: 1000.0
]]></system-out>
  </testcase>
</testsuite>