<?xml version="1.0" encoding="UTF-8"?>
<!-- Generated by org.testng.reporters.JUnitXMLReporter -->
<testsuite ignored="0" hostname="DESKTOP-OBVGPL1" failures="1" tests="2" name="Surefire test" time="102.247" errors="0" timestamp="2026-02-10T21:28:59 IST">
  <testcase classname="androidtests.E2E_CreateAndSelectAccountTest" name="addAccountAndSelect" time="36.926"/>
  <testcase classname="androidtests.E2E_CreateAndSelectAccountTest" name="createIncomeForAccount" time="11.885">
    <failure type="org.openqa.selenium.NoSuchElementException" message="An element could not be located on the page using the given search parameters.
For documentation on this error, please visit: https://www.selenium.dev/documentation/webdriver/troubleshooting/errors#nosuchelementexception
Build info: version: &amp;apos;4.40.0&amp;apos;, revision: &amp;apos;b3333f1&amp;apos;
System info: os.name: &amp;apos;Windows 11&amp;apos;, os.arch: &amp;apos;amd64&amp;apos;, os.version: &amp;apos;10.0&amp;apos;, java.version: &amp;apos;21.0.7&amp;apos;
Driver info: io.appium.java_client.android.AndroidDriver
Command: [dd0c41a4-63c3-45f8-96ed-6087a75103b3, findElement {using=id, value=com.monefy.app.lite:id/buttonKeyboard5}]
Capabilities {appium:app: C:\Users\PC\Documents\N26_H..., appium:appActivity: com.monefy.activities.main...., appium:appPackage: com.monefy.app.lite, appium:automationName: UIAutomator2, appium:databaseEnabled: false, appium:desired: {app: C:\Users\PC\Documents\N26_H..., automationName: UIAutomator2, deviceName: monefy-android, platformName: ANDROID}, appium:deviceApiLevel: 36, appium:deviceManufacturer: Google, appium:deviceModel: sdk_gphone64_x86_64, appium:deviceName: emulator-5554, appium:deviceScreenDensity: 440, appium:deviceScreenSize: 1080x2280, appium:deviceUDID: emulator-5554, appium:javascriptEnabled: true, appium:locationContextEnabled: false, appium:networkConnectionEnabled: true, appium:pixelRatio: 2.75, appium:platformVersion: 16, appium:statBarHeight: 83, appium:takesScreenshot: true, appium:viewportRect: {height: 2197, left: 0, top: 83, width: 1080}, appium:warnings: {}, appium:webStorageEnabled: false, platformName: ANDROID}
Session ID: dd0c41a4-63c3-45f8-96ed-6087a75103b3">
      <![CDATA[org.openqa.selenium.NoSuchElementException: An element could not be located on the page using the given search parameters.
For documentation on this error, please visit: https://www.selenium.dev/documentation/webdriver/troubleshooting/errors#nosuchelementexception
Build info: version: '4.40.0', revision: 'b3333f1'
System info: os.name: 'Windows 11', os.arch: 'amd64', os.version: '10.0', java.version: '21.0.7'
Driver info: io.appium.java_client.android.AndroidDriver
Command: [dd0c41a4-63c3-45f8-96ed-6087a75103b3, findElement {using=id, value=com.monefy.app.lite:id/buttonKeyboard5}]
Capabilities {appium:app: C:\Users\PC\Documents\N26_H..., appium:appActivity: com.monefy.activities.main...., appium:appPackage: com.monefy.app.lite, appium:automationName: UIAutomator2, appium:databaseEnabled: false, appium:desired: {app: C:\Users\PC\Documents\N26_H..., automationName: UIAutomator2, deviceName: monefy-android, platformName: ANDROID}, appium:deviceApiLevel: 36, appium:deviceManufacturer: Google, appium:deviceModel: sdk_gphone64_x86_64, appium:deviceName: emulator-5554, appium:deviceScreenDensity: 440, appium:deviceScreenSize: 1080x2280, appium:deviceUDID: emulator-5554, appium:javascriptEnabled: true, appium:locationContextEnabled: false, appium:networkConnectionEnabled: true, appium:pixelRatio: 2.75, appium:platformVersion: 16, appium:statBarHeight: 83, appium:takesScreenshot: true, appium:viewportRect: {height: 2197, left: 0, top: 83, width: 1080}, appium:warnings: {}, appium:webStorageEnabled: false, platformName: ANDROID}
Session ID: dd0c41a4-63c3-45f8-96ed-6087a75103b3
at org.openqa.selenium.remote.ErrorCodec.decode(ErrorCodec.java:169)
at org.openqa.selenium.remote.codec.w3c.W3CHttpResponseCodec.decode(W3CHttpResponseCodec.java:142)
at org.openqa.selenium.remote.codec.w3c.W3CHttpResponseCodec.decode(W3CHttpResponseCodec.java:49)
at org.openqa.selenium.remote.HttpCommandExecutor.execute(HttpCommandExecutor.java:223)
at io.appium.java_client.remote.AppiumCommandExecutor.execute(AppiumCommandExecutor.java:243)
at org.openqa.selenium.remote.RemoteWebDriver.execute(RemoteWebDriver.java:601)
at org.openqa.selenium.remote.ElementLocation$ElementFinder$2.findElement(ElementLocation.java:166)
at org.openqa.selenium.remote.ElementLocation.findElement(ElementLocation.java:60)
at org.openqa.selenium.remote.RemoteWebDriver.findElement(RemoteWebDriver.java:424)
at org.openqa.selenium.remote.RemoteWebDriver.findElement(RemoteWebDriver.java:418)
at utils.CommonActions.enterDigits(CommonActions.java:26)
at androidtests.E2E_CreateAndSelectAccountTest.createIncomeForAccount(E2E_CreateAndSelectAccountTest.java:83)
at java.base/java.util.ArrayList.forEach(ArrayList.java:1596)
... Removed 30 stack frames]]>
    </failure>
  </testcase> <!-- createIncomeForAccount -->
</testsuite> <!-- Surefire test -->
