<?xml version="1.0" encoding="UTF-8"?>
<!-- Generated by org.testng.reporters.JUnitXMLReporter -->
<testsuite ignored="0" hostname="DESKTOP-OBVGPL1" failures="0" tests="6" name="Surefire test" time="7.283" errors="0" timestamp="2026-02-09T21:05:43 IST">
  <testcase classname="pet.tests.Pet_CRUD_Test" name="testDeletePet" time="2.702"/>
  <testcase classname="pet.tests.Pet_CRUD_Test" name="testFindPetByStatus" time="0.642"/>
  <testcase classname="pet.tests.Pet_CRUD_Test" name="testUpdateExistingPet" time="1.041"/>
  <testcase classname="pet.tests.Pet_CRUD_Test" name="testUpdatePetWithFormData" time="0.745"/>
  <testcase classname="pet.tests.Pet_CRUD_Test" name="testCreatPet" time="0.653"/>
  <testcase classname="pet.tests.Pet_CRUD_Test" name="testGetPetById" time="0.655"/>
</testsuite> <!-- Surefire test -->
