<?xml version="1.0" encoding="UTF-8"?>
<!-- Generated by org.testng.reporters.JUnitXMLReporter -->
<testsuite ignored="0" hostname="DESKTOP-OBVGPL1" failures="0" tests="7" name="Surefire test" time="12.708" errors="0" timestamp="2026-02-10T23:33:15 IST">
  <testcase classname="pet.tests.Pet_CRUD_Test" name="testDeletePet" time="4.931"/>
  <testcase classname="pet.tests.Pet_CRUD_Test" name="testUpdateExistingPet" time="1.682"/>
  <testcase classname="pet.tests.Pet_CRUD_Test" name="testUpdatePetWithFormData" time="0.676"/>
  <testcase classname="pet.tests.Pet_CRUD_Test" name="invalidPetID" time="0.726"/>
  <testcase classname="pet.tests.Pet_CRUD_Test" name="testCreatPet" time="0.666"/>
  <testcase classname="pet.tests.Pet_CRUD_Test" name="testFindPetByStatus" time="1.12"/>
  <testcase classname="pet.tests.Pet_CRUD_Test" name="testGetPetById" time="0.621"/>
</testsuite> <!-- Surefire test -->
