{"id":"c7e286eeae0285250389af67f2cf32de","name":"E2E Flow: Add Income Amount","start":1770750953389,"stop":1770750996505,"duration":43116,"status":"failed","fullName":"androidtests.E2E_IncomeExpenseFlowTest.testIncomeFlow","historyId":"ebcdd6a2b43a8b3e7ca7c5ac87cc0573.d41d8cd98f00b204e9800998ecf8427e","flaky":false,"muted":false,"known":false,"hidden":false,"labels":[{"name":"package","value":"androidtests.E2E_IncomeExpenseFlowTest"},{"name":"testClass","value":"androidtests.E2E_IncomeExpenseFlowTest"},{"name":"testMethod","value":"testIncomeFlow"},{"name":"parentSuite","value":"Surefire suite"},{"name":"suite","value":"Surefire test"},{"name":"subSuite","value":"androidtests.E2E_IncomeExpenseFlowTest"},{"name":"host","value":"DESKTOP-OBVGPL1"},{"name":"thread","value":"55788@DESKTOP-OBVGPL1.main(1)"},{"name":"framework","value":"testng"},{"name":"language","value":"java"}],"groupedLabels":{"package":["androidtests.E2E_IncomeExpenseFlowTest"],"testClass":["androidtests.E2E_IncomeExpenseFlowTest"],"testMethod":["testIncomeFlow"],"parentSuite":["Surefire suite"],"suite":["Surefire test"],"subSuite":["androidtests.E2E_IncomeExpenseFlowTest"],"host":["DESKTOP-OBVGPL1"],"thread":["55788@DESKTOP-OBVGPL1.main(1)"],"framework":["testng"],"language":["java"]},"parameters":[],"links":[],"steps":[],"error":{"message":"Balance did not update correctly after adding income expected [5000.0] but found [500000.0]","trace":"java.lang.AssertionError: Balance did not update correctly after adding income expected [5000.0] but found [500000.0]\r\n\tat org.testng.Assert.fail(Assert.java:111)\r\n\tat org.testng.Assert.failNotEquals(Assert.java:1590)\r\n\tat org.testng.Assert.assertEquals(Assert.java:728)\r\n\tat androidtests.E2E_IncomeExpenseFlowTest.testIncomeFlow(E2E_IncomeExpenseFlowTest.java:60)\r\n\tat java.base/jdk.internal.reflect.DirectMethodHandleAccessor.invoke(DirectMethodHandleAccessor.java:103)\r\n\tat java.base/java.lang.reflect.Method.invoke(Method.java:580)\r\n\tat org.testng.internal.invokers.MethodInvocationHelper.invokeMethod(MethodInvocationHelper.java:141)\r\n\tat org.testng.internal.invokers.TestInvoker.invokeMethod(TestInvoker.java:697)\r\n\tat org.testng.internal.invokers.TestInvoker.invokeTestMethod(TestInvoker.java:230)\r\n\tat org.testng.internal.invokers.MethodRunner.runInSequence(MethodRunner.java:63)\r\n\tat org.testng.internal.invokers.TestInvoker$MethodInvocationAgent.invoke(TestInvoker.java:1005)\r\n\tat org.testng.internal.invokers.TestInvoker.invokeTestMethods(TestInvoker.java:203)\r\n\tat org.testng.internal.invokers.TestMethodWorker.invokeTestMethods(TestMethodWorker.java:154)\r\n\tat org.testng.internal.invokers.TestMethodWorker.run(TestMethodWorker.java:134)\r\n\tat java.base/java.util.ArrayList.forEach(ArrayList.java:1596)\r\n\tat org.testng.TestRunner.privateRun(TestRunner.java:744)\r\n\tat org.testng.TestRunner.run(TestRunner.java:616)\r\n\tat org.testng.SuiteRunner.runTest(SuiteRunner.java:421)\r\n\tat org.testng.SuiteRunner.runSequentially(SuiteRunner.java:413)\r\n\tat org.testng.SuiteRunner.privateRun(SuiteRunner.java:373)\r\n\tat org.testng.SuiteRunner.run(SuiteRunner.java:312)\r\n\tat org.testng.SuiteRunnerWorker.runSuite(SuiteRunnerWorker.java:52)\r\n\tat org.testng.SuiteRunnerWorker.run(SuiteRunnerWorker.java:95)\r\n\tat org.testng.TestNG.runSuitesSequentially(TestNG.java:1274)\r\n\tat org.testng.TestNG.runSuitesLocally(TestNG.java:1208)\r\n\tat org.testng.TestNG.runSuites(TestNG.java:1112)\r\n\tat org.testng.TestNG.run(TestNG.java:1079)\r\n\tat org.apache.maven.surefire.testng.TestNGExecutor.run(TestNGExecutor.java:135)\r\n\tat org.apache.maven.surefire.testng.TestNGDirectoryTestSuite.executeMulti(TestNGDirectoryTestSuite.java:193)\r\n\tat org.apache.maven.surefire.testng.TestNGDirectoryTestSuite.execute(TestNGDirectoryTestSuite.java:94)\r\n\tat org.apache.maven.surefire.testng.TestNGProvider.invoke(TestNGProvider.java:146)\r\n\tat org.apache.maven.surefire.booter.ForkedBooter.invokeProviderInSameClassLoader(ForkedBooter.java:384)\r\n\tat org.apache.maven.surefire.booter.ForkedBooter.runSuitesInProcess(ForkedBooter.java:345)\r\n\tat org.apache.maven.surefire.booter.ForkedBooter.execute(ForkedBooter.java:126)\r\n\tat org.apache.maven.surefire.booter.ForkedBooter.main(ForkedBooter.java:418)\r\n"},"testCase":{"id":"ebcdd6a2b43a8b3e7ca7c5ac87cc0573","name":"E2E Flow: Add Income Amount","fullName":"androidtests.E2E_IncomeExpenseFlowTest.testIncomeFlow"},"environment":"default","setup":[{"id":"b332fe88d74bdb4756a52251528a9b5c","type":"before","name":"setUp","status":"passed","steps":[],"duration":58152},{"id":"b6d0455a07f0a36774d39d6cf7d6a636","type":"before","name":"initializePages","status":"passed","steps":[],"duration":2271}],"teardown":[{"id":"1f9e66e2d92e038d9e008e7533a732d8","type":"after","name":"tearDown","status":"passed","steps":[],"duration":4688}],"history":[],"retries":[{"id":"a99ffcc663e5aed3dc594b7cfee790d5","name":"E2E Flow: Add Income Amount","testCase":{"id":"ebcdd6a2b43a8b3e7ca7c5ac87cc0573","name":"E2E Flow: Add Income Amount","fullName":"androidtests.E2E_IncomeExpenseFlowTest.testIncomeFlow"},"fullName":"androidtests.E2E_IncomeExpenseFlowTest.testIncomeFlow","historyId":"ebcdd6a2b43a8b3e7ca7c5ac87cc0573.d41d8cd98f00b204e9800998ecf8427e","status":"skipped","error":{"message":"Could not start a new session. Possible causes are invalid address of the remote server or browser start-up failure. null \nHost info: host: 'DESKTOP-OBVGPL1', ip: '10.1.0.99'\nBuild info: version: '4.40.0', revision: 'b3333f1'\nSystem info: os.name: 'Windows 11', os.arch: 'amd64', os.version: '10.0', java.version: '21.0.7'\nDriver info: io.appium.java_client.android.AndroidDriver\nCommand: [null, newSession {capabilities=[Capabilities {appium:app: C:\\Users\\PC\\Documents\\N26_H..., appium:automationName: UIAutomator2, appium:deviceName: monefy-android, platformName: ANDROID}]}]\nCapabilities {appium:app: C:\\Users\\PC\\Documents\\N26_H..., appium:automationName: UIAutomator2, appium:deviceName: monefy-android, platformName: ANDROID}","trace":"org.openqa.selenium.SessionNotCreatedException: Could not start a new session. Possible causes are invalid address of the remote server or browser start-up failure. null \nHost info: host: 'DESKTOP-OBVGPL1', ip: '10.1.0.99'\nBuild info: version: '4.40.0', revision: 'b3333f1'\nSystem info: os.name: 'Windows 11', os.arch: 'amd64', os.version: '10.0', java.version: '21.0.7'\nDriver info: io.appium.java_client.android.AndroidDriver\nCommand: [null, newSession {capabilities=[Capabilities {appium:app: C:\\Users\\PC\\Documents\\N26_H..., appium:automationName: UIAutomator2, appium:deviceName: monefy-android, platformName: ANDROID}]}]\nCapabilities {appium:app: C:\\Users\\PC\\Documents\\N26_H..., appium:automationName: UIAutomator2, appium:deviceName: monefy-android, platformName: ANDROID}\r\n\tat org.openqa.selenium.remote.RemoteWebDriver.execute(RemoteWebDriver.java:622)\r\n\tat io.appium.java_client.AppiumDriver.startSession(AppiumDriver.java:308)\r\n\tat org.openqa.selenium.remote.RemoteWebDriver.<init>(RemoteWebDriver.java:209)\r\n\tat org.openqa.selenium.remote.RemoteWebDriver.<init>(RemoteWebDriver.java:195)\r\n\tat io.appium.java_client.AppiumDriver.<init>(AppiumDriver.java:98)\r\n\tat io.appium.java_client.AppiumDriver.<init>(AppiumDriver.java:109)\r\n\tat io.appium.java_client.android.AndroidDriver.<init>(AndroidDriver.java:108)\r\n\tat utils.DriverManager.getDriver(DriverManager.java:30)\r\n\tat androidtests.BaseClass.setUp(BaseClass.java:15)\r\n\tat java.base/jdk.internal.reflect.DirectMethodHandleAccessor.invoke(DirectMethodHandleAccessor.java:103)\r\n\tat java.base/java.lang.reflect.Method.invoke(Method.java:580)\r\n\tat org.testng.internal.invokers.MethodInvocationHelper.invokeMethod(MethodInvocationHelper.java:141)\r\n\tat org.testng.internal.invokers.MethodInvocationHelper.invokeMethodConsideringTimeout(MethodInvocationHelper.java:71)\r\n\tat org.testng.internal.invokers.ConfigInvoker.invokeConfigurationMethod(ConfigInvoker.java:400)\r\n\tat org.testng.internal.invokers.ConfigInvoker.invokeConfigurations(ConfigInvoker.java:333)\r\n\tat org.testng.internal.invokers.TestMethodWorker.invokeBeforeClassMethods(TestMethodWorker.java:188)\r\n\tat org.testng.internal.invokers.TestMethodWorker.run(TestMethodWorker.java:128)\r\n\tat java.base/java.util.ArrayList.forEach(ArrayList.java:1596)\r\n\tat org.testng.TestRunner.privateRun(TestRunner.java:744)\r\n\tat org.testng.TestRunner.run(TestRunner.java:616)\r\n\tat org.testng.SuiteRunner.runTest(SuiteRunner.java:421)\r\n\tat org.testng.SuiteRunner.runSequentially(SuiteRunner.java:413)\r\n\tat org.testng.SuiteRunner.privateRun(SuiteRunner.java:373)\r\n\tat org.testng.SuiteRunner.run(SuiteRunner.java:312)\r\n\tat org.testng.SuiteRunnerWorker.runSuite(SuiteRunnerWorker.java:52)\r\n\tat org.testng.SuiteRunnerWorker.run(SuiteRunnerWorker.java:95)\r\n\tat org.testng.TestNG.runSuitesSequentially(TestNG.java:1274)\r\n\tat org.testng.TestNG.runSuitesLocally(TestNG.java:1208)\r\n\tat org.testng.TestNG.runSuites(TestNG.java:1112)\r\n\tat org.testng.TestNG.run(TestNG.java:1079)\r\n\tat org.apache.maven.surefire.testng.TestNGExecutor.run(TestNGExecutor.java:135)\r\n\tat org.apache.maven.surefire.testng.TestNGDirectoryTestSuite.executeMulti(TestNGDirectoryTestSuite.java:193)\r\n\tat org.apache.maven.surefire.testng.TestNGDirectoryTestSuite.execute(TestNGDirectoryTestSuite.java:94)\r\n\tat org.apache.maven.surefire.testng.TestNGProvider.invoke(TestNGProvider.java:146)\r\n\tat org.apache.maven.surefire.booter.ForkedBooter.invokeProviderInSameClassLoader(ForkedBooter.java:384)\r\n\tat org.apache.maven.surefire.booter.ForkedBooter.runSuitesInProcess(ForkedBooter.java:345)\r\n\tat org.apache.maven.surefire.booter.ForkedBooter.execute(ForkedBooter.java:126)\r\n\tat org.apache.maven.surefire.booter.ForkedBooter.main(ForkedBooter.java:418)\r\nCaused by: java.io.UncheckedIOException: java.net.ConnectException\r\n\tat org.openqa.selenium.remote.http.jdk.JdkHttpClient.execute0(JdkHttpClient.java:503)\r\n\tat io.appium.java_client.internal.filters.AppiumIdempotencyFilter.lambda$apply$0(AppiumIdempotencyFilter.java:35)\r\n\tat io.appium.java_client.internal.filters.AppiumUserAgentFilter.lambda$apply$0(AppiumUserAgentFilter.java:86)\r\n\tat org.openqa.selenium.remote.http.Filter.lambda$andFinally$1(Filter.java:55)\r\n\tat org.openqa.selenium.remote.http.jdk.JdkHttpClient.lambda$executeAsync$2(JdkHttpClient.java:388)\r\n\tat java.base/java.util.concurrent.Executors$RunnableAdapter.call(Executors.java:572)\r\n\tat java.base/java.util.concurrent.FutureTask.run(FutureTask.java:317)\r\n\tat java.base/java.util.concurrent.ThreadPoolExecutor.runWorker(ThreadPoolExecutor.java:1144)\r\n\tat java.base/java.util.concurrent.ThreadPoolExecutor$Worker.run(ThreadPoolExecutor.java:642)\r\n\tat java.base/java.lang.Thread.run(Thread.java:1583)\r\nCaused by: java.net.ConnectException\r\n\tat java.net.http/jdk.internal.net.http.HttpClientImpl.send(HttpClientImpl.java:951)\r\n\tat java.net.http/jdk.internal.net.http.HttpClientFacade.send(HttpClientFacade.java:133)\r\n\tat org.openqa.selenium.remote.http.jdk.JdkHttpClient.execute0(JdkHttpClient.java:462)\r\n\t... 9 more\r\nCaused by: java.net.ConnectException\r\n\tat java.net.http/jdk.internal.net.http.common.Utils.toConnectException(Utils.java:1041)\r\n\tat java.net.http/jdk.internal.net.http.PlainHttpConnection.connectAsync(PlainHttpConnection.java:227)\r\n\tat java.net.http/jdk.internal.net.http.PlainHttpConnection.checkRetryConnect(PlainHttpConnection.java:280)\r\n\tat java.net.http/jdk.internal.net.http.PlainHttpConnection.lambda$connectAsync$2(PlainHttpConnection.java:238)\r\n\tat java.base/java.util.concurrent.CompletableFuture.uniHandle(CompletableFuture.java:934)\r\n\tat java.base/java.util.concurrent.CompletableFuture$UniHandle.tryFire(CompletableFuture.java:911)\r\n\tat java.base/java.util.concurrent.CompletableFuture.postComplete(CompletableFuture.java:510)\r\n\tat java.base/java.util.concurrent.CompletableFuture$AsyncSupply.run(CompletableFuture.java:1773)\r\n\t... 3 more\r\nCaused by: java.nio.channels.ClosedChannelException\r\n\tat java.base/sun.nio.ch.SocketChannelImpl.ensureOpen(SocketChannelImpl.java:202)\r\n\tat java.base/sun.nio.ch.SocketChannelImpl.beginConnect(SocketChannelImpl.java:786)\r\n\tat java.base/sun.nio.ch.SocketChannelImpl.connect(SocketChannelImpl.java:874)\r\n\tat java.net.http/jdk.internal.net.http.PlainHttpConnection.lambda$connectAsync$1(PlainHttpConnection.java:210)\r\n\tat java.base/java.security.AccessController.doPrivileged(AccessController.java:571)\r\n\tat java.net.http/jdk.internal.net.http.PlainHttpConnection.connectAsync(PlainHttpConnection.java:212)\r\n\t... 9 more\r\n"},"start":1770750734310,"stop":1770750734328,"duration":18,"flaky":false,"muted":false,"known":false,"hidden":true,"labels":[{"name":"package","value":"androidtests.E2E_IncomeExpenseFlowTest"},{"name":"testClass","value":"androidtests.E2E_IncomeExpenseFlowTest"},{"name":"testMethod","value":"testIncomeFlow"},{"name":"parentSuite","value":"Surefire suite"},{"name":"suite","value":"Surefire test"},{"name":"subSuite","value":"androidtests.E2E_IncomeExpenseFlowTest"},{"name":"host","value":"DESKTOP-OBVGPL1"},{"name":"thread","value":"2740@DESKTOP-OBVGPL1.main(1)"},{"name":"framework","value":"testng"},{"name":"language","value":"java"}],"steps":[],"parameters":[],"links":[],"hostId":"DESKTOP-OBVGPL1","threadId":"2740@DESKTOP-OBVGPL1.main(1)","sourceMetadata":{"readerId":"allure2","metadata":{"originalFileName":"e1bcfb44-59be-4fe1-864d-29697f96c00c-result.json"}},"titlePath":[],"environment":"default"}],"breadcrumbs":[["Surefire suite","Surefire test","androidtests.E2E_IncomeExpenseFlowTest"]],"retry":true,"titlePath":[],"retriesCount":1,"attachments":[],"order":28}