<?xml version="1.0" encoding="UTF-8"?>
<testsuite xmlns:xsi="http://www.w3.org/2001/XMLSchema-instance" xsi:noNamespaceSchemaLocation="https://maven.apache.org/surefire/maven-surefire-plugin/xsd/surefire-test-report.xsd" name="pet.tests.Pet_CRUD_Test" time="7.82" tests="6" errors="0" skipped="0" failures="0">
  <properties>
[...]
</properties>
  <testcase name="testDeletePet" classname="pet.tests.Pet_CRUD_Test" time="2.703"/>
  <testcase name="testFindPetByStatus" classname="pet.tests.Pet_CRUD_Test" time="0.644"/>
  <testcase name="testUpdateExistingPet" classname="pet.tests.Pet_CRUD_Test" time="1.067"/>
  <testcase name="testUpdatePetWithFormData" classname="pet.tests.Pet_CRUD_Test" time="0.72"/>
  <testcase name="testCreatPet" classname="pet.tests.Pet_CRUD_Test" time="0.653"/>
  <testcase name="testGetPetById" classname="pet.tests.Pet_CRUD_Test" time="0.654"/>
</testsuite>