<?xml version="1.0" encoding="UTF-8"?>
<testng-results ignored="0" total="7" passed="7" failed="0" skipped="0">
  <reporter-output>
  </reporter-output>
  <suite started-at="2026-02-10T23:33:02 IST" name="Surefire suite" finished-at="2026-02-10T23:33:15 IST" duration-ms="12708">
    <groups>
    </groups>
    <test started-at="2026-02-10T23:33:02 IST" name="Surefire test" finished-at="2026-02-10T23:33:15 IST" duration-ms="12708">
      <class name="pet.tests.Pet_CRUD_Test">
        <test-method is-config="true" signature="setup()[pri:0, instance:pet.tests.Pet_CRUD_Test@6579c3d9]" started-at="2026-02-10T23:33:02 IST" name="setup" finished-at="2026-02-10T23:33:04 IST" duration-ms="1940" status="PASS">
          <reporter-output>
          </reporter-output>
        </test-method> <!-- setup -->
        <test-method signature="testDeletePet()[pri:0, instance:pet.tests.Pet_CRUD_Test@6579c3d9]" started-at="2026-02-10T23:33:04 IST" name="testDeletePet" finished-at="2026-02-10T23:33:09 IST" duration-ms="4931" status="PASS">
          <reporter-output>
          </reporter-output>
        </test-method> <!-- testDeletePet -->
        <test-method signature="testUpdateExistingPet()[pri:0, instance:pet.tests.Pet_CRUD_Test@6579c3d9]" started-at="2026-02-10T23:33:09 IST" name="testUpdateExistingPet" finished-at="2026-02-10T23:33:11 IST" duration-ms="1682" status="PASS">
          <reporter-output>
          </reporter-output>
        </test-method> <!-- testUpdateExistingPet -->
        <test-method signature="testUpdatePetWithFormData()[pri:0, instance:pet.tests.Pet_CRUD_Test@6579c3d9]" started-at="2026-02-10T23:33:11 IST" name="testUpdatePetWithFormData" finished-at="2026-02-10T23:33:11 IST" duration-ms="676" status="PASS">
          <reporter-output>
          </reporter-output>
        </test-method> <!-- testUpdatePetWithFormData -->
        <test-method signature="invalidPetID()[pri:0, instance:pet.tests.Pet_CRUD_Test@6579c3d9]" started-at="2026-02-10T23:33:11 IST" name="invalidPetID" finished-at="2026-02-10T23:33:12 IST" duration-ms="726" status="PASS">
          <reporter-output>
          </reporter-output>
        </test-method> <!-- invalidPetID -->
        <test-method signature="testCreatPet()[pri:1, instance:pet.tests.Pet_CRUD_Test@6579c3d9]" started-at="2026-02-10T23:33:12 IST" name="testCreatPet" finished-at="2026-02-10T23:33:13 IST" duration-ms="666" status="PASS">
          <reporter-output>
          </reporter-output>
        </test-method> <!-- testCreatPet -->
        <test-method signature="testFindPetByStatus()[pri:0, instance:pet.tests.Pet_CRUD_Test@6579c3d9]" started-at="2026-02-10T23:33:13 IST" name="testFindPetByStatus" finished-at="2026-02-10T23:33:14 IST" depends-on-methods="pet.tests.Pet_CRUD_Test.testCreatPet" duration-ms="1120" status="PASS">
          <reporter-output>
          </reporter-output>
        </test-method> <!-- testFindPetByStatus -->
        <test-method signature="testGetPetById()[pri:0, instance:pet.tests.Pet_CRUD_Test@6579c3d9]" started-at="2026-02-10T23:33:14 IST" name="testGetPetById" finished-at="2026-02-10T23:33:15 IST" depends-on-methods="pet.tests.Pet_CRUD_Test.testCreatPet" duration-ms="621" status="PASS">
          <reporter-output>
          </reporter-output>
        </test-method> <!-- testGetPetById -->
      </class> <!-- pet.tests.Pet_CRUD_Test -->
    </test> <!-- Surefire test -->
  </suite> <!-- Surefire suite -->
</testng-results>
