<?xml version="1.0" encoding="UTF-8"?>
<testsuite xmlns:xsi="http://www.w3.org/2001/XMLSchema-instance" xsi:noNamespaceSchemaLocation="https://maven.apache.org/surefire/maven-surefire-plugin/xsd/surefire-test-report-3.0.xsd" version="3.0" name="pet.tests.Pet_CRUD_Test" time="15.181" tests="7" errors="0" skipped="0" failures="0">
  <properties>
[...]
</properties>
  <testcase name="testDeletePet" classname="pet.tests.Pet_CRUD_Test" time="5.126">
    <system-out><![CDATA[Request method:	DELETE
Request URI:	https://petstore.swagger.io/v2/pet/201
Proxy:			<none>
Request params:	<none>
Query params:	<none>
Form params:	<none>
Path params:	petId=201
Headers:		Accept=application/json
				Content-Type=application/json
Cookies:		<none>
Multiparts:		<none>
Body:			<none>
HTTP/1.1 200 OK
Date: Tue, 10 Feb 2026 18:03:07 GMT
Content-Type: application/json
Transfer-Encoding: chunked
Connection: keep-alive
Access-Control-Allow-Origin: *
Access-Control-Allow-Methods: GET, POST, DELETE, PUT
Access-Control-Allow-Headers: Content-Type, api_key, Authorization
Server: Jetty(9.2.9.v20150224)

{
    "code": 200,
    "type": "unknown",
    "message": "201"
}
]]></system-out>
    <system-err><![CDATA[SLF4J: Failed to load class "org.slf4j.impl.StaticLoggerBinder".
SLF4J: Defaulting to no-operation (NOP) logger implementation
SLF4J: See http://www.slf4j.org/codes.html#StaticLoggerBinder for further details.
]]></system-err>
  </testcase>
  <testcase name="testUpdateExistingPet" classname="pet.tests.Pet_CRUD_Test" time="1.691">
    <system-out><![CDATA[Request method:	PUT
Request URI:	https://petstore.swagger.io/v2/pet
Proxy:			<none>
Request params:	<none>
Query params:	<none>
Form params:	<none>
Path params:	<none>
Headers:		Accept=application/json
				Content-Type=application/json
Cookies:		<none>
Multiparts:		<none>
Body:
{
    "id": 201,
    "name": "Rom-update",
    "category": {
        "id": 10,
        "name": "Dogs"
    },
    "photoUrls": [
        "photo-url"
    ],
    "tags": [
        {
            "id": 15,
            "name": "Very Friendly"
        }
    ],
    "status": "Sold"
}
HTTP/1.1 200 OK
Date: Tue, 10 Feb 2026 18:03:11 GMT
Content-Type: application/json
Transfer-Encoding: chunked
Connection: keep-alive
Access-Control-Allow-Origin: *
Access-Control-Allow-Methods: GET, POST, DELETE, PUT
Access-Control-Allow-Headers: Content-Type, api_key, Authorization
Server: Jetty(9.2.9.v20150224)

{
    "id": 201,
    "category": {
        "id": 10,
        "name": "Dogs"
    },
    "name": "Rom-update",
    "photoUrls": [
        "photo-url"
    ],
    "tags": [
        {
            "id": 15,
            "name": "Very Friendly"
        }
    ],
    "status": "Sold"
}
]]></system-out>
  </testcase>
  <testcase name="testUpdatePetWithFormData" classname="pet.tests.Pet_CRUD_Test" time="0.677">
    <system-out><![CDATA[Request method:	POST
Request URI:	https://petstore.swagger.io/v2/pet/201
Proxy:			<none>
Request params:	<none>
Query params:	<none>
Form params:	name=Rom-update
				status=Sold
Path params:	petId=201
Headers:		Accept=application/json
				Content-Type=application/x-www-form-urlencoded; charset=ISO-8859-1
Cookies:		<none>
Multiparts:		<none>
Body:			<none>
HTTP/1.1 200 OK
Date: Tue, 10 Feb 2026 18:03:11 GMT
Content-Type: application/json
Transfer-Encoding: chunked
Connection: keep-alive
Access-Control-Allow-Origin: *
Access-Control-Allow-Methods: GET, POST, DELETE, PUT
Access-Control-Allow-Headers: Content-Type, api_key, Authorization
Server: Jetty(9.2.9.v20150224)

{
    "code": 200,
    "type": "unknown",
    "message": "201"
}
]]></system-out>
  </testcase>
  <testcase name="invalidPetID" classname="pet.tests.Pet_CRUD_Test" time="0.727">
    <system-out><![CDATA[Request method:	GET
Request URI:	https://petstore.swagger.io/v2/pet/0
Proxy:			<none>
Request params:	<none>
Query params:	<none>
Form params:	<none>
Path params:	petId=0
Headers:		Accept=application/json
				Content-Type=application/json
Cookies:		<none>
Multiparts:		<none>
Body:			<none>
HTTP/1.1 404 Not Found
Date: Tue, 10 Feb 2026 18:03:12 GMT
Content-Type: application/json
Transfer-Encoding: chunked
Connection: keep-alive
Access-Control-Allow-Origin: *
Access-Control-Allow-Methods: GET, POST, DELETE, PUT
Access-Control-Allow-Headers: Content-Type, api_key, Authorization
Server: Jetty(9.2.9.v20150224)

{
    "code": 1,
    "type": "error",
    "message": "Pet not found"
}
]]></system-out>
  </testcase>
  <testcase name="testCreatPet" classname="pet.tests.Pet_CRUD_Test" time="0.669">
    <system-out><![CDATA[Request method:	POST
Request URI:	https://petstore.swagger.io/v2/pet
Proxy:			<none>
Request params:	<none>
Query params:	<none>
Form params:	<none>
Path params:	<none>
Headers:		Accept=application/json
				Content-Type=application/json
Cookies:		<none>
Multiparts:		<none>
Body:
{
    "id": 201,
    "name": "Rom",
    "category": {
        "id": 10,
        "name": "Dogs"
    },
    "photoUrls": [
        "photo-url"
    ],
    "tags": [
        {
            "id": 15,
            "name": "Very Friendly"
        }
    ],
    "status": "Available"
}
HTTP/1.1 200 OK
Date: Tue, 10 Feb 2026 18:03:13 GMT
Content-Type: application/json
Transfer-Encoding: chunked
Connection: keep-alive
Access-Control-Allow-Origin: *
Access-Control-Allow-Methods: GET, POST, DELETE, PUT
Access-Control-Allow-Headers: Content-Type, api_key, Authorization
Server: Jetty(9.2.9.v20150224)

{
    "id": 201,
    "category": {
        "id": 10,
        "name": "Dogs"
    },
    "name": "Rom",
    "photoUrls": [
        "photo-url"
    ],
    "tags": [
        {
            "id": 15,
            "name": "Very Friendly"
        }
    ],
    "status": "Available"
}
]]></system-out>
  </testcase>
  <testcase name="testFindPetByStatus" classname="pet.tests.Pet_CRUD_Test" time="1.121">
    <system-out><![CDATA[Request method:	GET
Request URI:	https://petstore.swagger.io/v2/pet/findByStatus?status=Available
Proxy:			<none>
Request params:	<none>
Query params:	status=Available
Form params:	<none>
Path params:	<none>
Headers:		Accept=application/json
				Content-Type=application/json
Cookies:		<none>
Multiparts:		<none>
Body:			<none>
HTTP/1.1 200 OK
Date: Tue, 10 Feb 2026 18:03:14 GMT
Content-Type: application/json
Transfer-Encoding: chunked
Connection: keep-alive
Access-Control-Allow-Origin: *
Access-Control-Allow-Methods: GET, POST, DELETE, PUT
Access-Control-Allow-Headers: Content-Type, api_key, Authorization
Server: Jetty(9.2.9.v20150224)

[
    {
        "id": 201,
        "category": {
            "id": 10,
            "name": "Dogs"
        },
        "name": "Rom",
        "photoUrls": [
            "photo-url"
        ],
        "tags": [
            {
                "id": 15,
                "name": "Very Friendly"
            }
        ],
        "status": "Available"
    }
]
]]></system-out>
  </testcase>
  <testcase name="testGetPetById" classname="pet.tests.Pet_CRUD_Test" time="0.623">
    <system-out><![CDATA[Request method:	GET
Request URI:	https://petstore.swagger.io/v2/pet/201
Proxy:			<none>
Request params:	<none>
Query params:	<none>
Form params:	<none>
Path params:	petId=201
Headers:		Accept=application/json
				Content-Type=application/json
Cookies:		<none>
Multiparts:		<none>
Body:			<none>
HTTP/1.1 200 OK
Date: Tue, 10 Feb 2026 18:03:14 GMT
Content-Type: application/json
Transfer-Encoding: chunked
Connection: keep-alive
Access-Control-Allow-Origin: *
Access-Control-Allow-Methods: GET, POST, DELETE, PUT
Access-Control-Allow-Headers: Content-Type, api_key, Authorization
Server: Jetty(9.2.9.v20150224)

{
    "id": 201,
    "category": {
        "id": 10,
        "name": "Dogs"
    },
    "name": "Rom",
    "photoUrls": [
        "photo-url"
    ],
    "tags": [
        {
            "id": 15,
            "name": "Very Friendly"
        }
    ],
    "status": "Available"
}
]]></system-out>
  </testcase>
</testsuite>