<?xml version="1.0" encoding="UTF-8"?>
<testng-results ignored="0" total="6" passed="6" failed="0" skipped="0">
  <reporter-output>
  </reporter-output>
  <suite started-at="2026-02-09T21:05:36 IST" name="Surefire suite" finished-at="2026-02-09T21:05:43 IST" duration-ms="7283">
    <groups>
    </groups>
    <test started-at="2026-02-09T21:05:36 IST" name="Surefire test" finished-at="2026-02-09T21:05:43 IST" duration-ms="7283">
      <class name="pet.tests.Pet_CRUD_Test">
        <test-method is-config="true" signature="setup()[pri:0, instance:pet.tests.Pet_CRUD_Test@3d299e3]" started-at="2026-02-09T21:05:36 IST" name="setup" finished-at="2026-02-09T21:05:37 IST" duration-ms="783" status="PASS">
          <reporter-output>
          </reporter-output>
        </test-method> <!-- setup -->
        <test-method signature="testDeletePet()[pri:0, instance:pet.tests.Pet_CRUD_Test@3d299e3]" started-at="2026-02-09T21:05:37 IST" name="testDeletePet" finished-at="2026-02-09T21:05:40 IST" duration-ms="2702" status="PASS">
          <reporter-output>
          </reporter-output>
        </test-method> <!-- testDeletePet -->
        <test-method signature="testFindPetByStatus()[pri:0, instance:pet.tests.Pet_CRUD_Test@3d299e3]" started-at="2026-02-09T21:05:40 IST" name="testFindPetByStatus" description="Find Pet by Status" finished-at="2026-02-09T21:05:40 IST" duration-ms="642" status="PASS">
          <reporter-output>
          </reporter-output>
        </test-method> <!-- testFindPetByStatus -->
        <test-method signature="testUpdateExistingPet()[pri:0, instance:pet.tests.Pet_CRUD_Test@3d299e3]" started-at="2026-02-09T21:05:40 IST" name="testUpdateExistingPet" description="Update existing pet" finished-at="2026-02-09T21:05:41 IST" duration-ms="1041" status="PASS">
          <reporter-output>
          </reporter-output>
        </test-method> <!-- testUpdateExistingPet -->
        <test-method signature="testUpdatePetWithFormData()[pri:0, instance:pet.tests.Pet_CRUD_Test@3d299e3]" started-at="2026-02-09T21:05:41 IST" name="testUpdatePetWithFormData" description="Update pet details using Form Data" finished-at="2026-02-09T21:05:42 IST" duration-ms="745" status="PASS">
          <reporter-output>
          </reporter-output>
        </test-method> <!-- testUpdatePetWithFormData -->
        <test-method signature="testCreatPet()[pri:1, instance:pet.tests.Pet_CRUD_Test@3d299e3]" started-at="2026-02-09T21:05:42 IST" name="testCreatPet" description="Create a new pet and verify status code" finished-at="2026-02-09T21:05:43 IST" duration-ms="653" status="PASS">
          <reporter-output>
          </reporter-output>
        </test-method> <!-- testCreatPet -->
        <test-method signature="testGetPetById()[pri:0, instance:pet.tests.Pet_CRUD_Test@3d299e3]" started-at="2026-02-09T21:05:43 IST" name="testGetPetById" description="Retrieve pet by ID and verify details" finished-at="2026-02-09T21:05:43 IST" depends-on-methods="pet.tests.Pet_CRUD_Test.testCreatPet" duration-ms="655" status="PASS">
          <reporter-output>
          </reporter-output>
        </test-method> <!-- testGetPetById -->
      </class> <!-- pet.tests.Pet_CRUD_Test -->
    </test> <!-- Surefire test -->
  </suite> <!-- Surefire suite -->
</testng-results>
