<?xml version="1.0" encoding="UTF-8"?>
<!-- Generated by org.testng.reporters.JUnitReportReporter -->
<testsuite hostname="DESKTOP-OBVGPL1" failures="0" tests="7" name="pet.tests.Pet_CRUD_Test" time="10.422" errors="0" timestamp="2026-02-10T23:33:15 IST" skipped="0">
  <testcase classname="pet.tests.Pet_CRUD_Test" name="testGetPetById" time="0.621"/>
  <testcase classname="pet.tests.Pet_CRUD_Test" name="testUpdatePetWithFormData" time="0.676"/>
  <testcase classname="pet.tests.Pet_CRUD_Test" name="testDeletePet" time="4.931"/>
  <testcase classname="pet.tests.Pet_CRUD_Test" name="testFindPetByStatus" time="1.120"/>
  <testcase classname="pet.tests.Pet_CRUD_Test" name="testUpdateExistingPet" time="1.682"/>
  <testcase classname="pet.tests.Pet_CRUD_Test" name="invalidPetID" time="0.726"/>
  <testcase classname="pet.tests.Pet_CRUD_Test" name="testCreatPet" time="0.666"/>
</testsuite> <!-- pet.tests.Pet_CRUD_Test -->
